Determining if the pthread_create exist failed with the following output:
Change Dir: /home/lifu/catkin_ws/src/cmake-build-debug/CMakeFiles/CMakeTmp

Run Build Command:/usr/bin/make "cmTryCompileExec3566026821/fast"
/usr/bin/make -f CMakeFiles/cmTryCompileExec3566026821.dir/build.make CMakeFiles/cmTryCompileExec3566026821.dir/build
make[1]: Entering directory `/home/lifu/catkin_ws/src/cmake-build-debug/CMakeFiles/CMakeTmp'
/usr/bin/cmake -E cmake_progress_report /home/lifu/catkin_ws/src/cmake-build-debug/CMakeFiles/CMakeTmp/CMakeFiles 1
Building C object CMakeFiles/cmTryCompileExec3566026821.dir/CheckSymbolExists.c.o
/usr/bin/cc    -o CMakeFiles/cmTryCompileExec3566026821.dir/CheckSymbolExists.c.o   -c /home/lifu/catkin_ws/src/cmake-build-debug/CMakeFiles/CMakeTmp/CheckSymbolExists.c
Linking C executable cmTryCompileExec3566026821
/usr/bin/cmake -E cmake_link_script CMakeFiles/cmTryCompileExec3566026821.dir/link.txt --verbose=1
/usr/bin/cc       CMakeFiles/cmTryCompileExec3566026821.dir/CheckSymbolExists.c.o  -o cmTryCompileExec3566026821 -rdynamic 
CMakeFiles/cmTryCompileExec3566026821.dir/CheckSymbolExists.c.o: In function `main':
CheckSymbolExists.c:(.text+0x16): undefined reference to `pthread_create'
collect2: error: ld returned 1 exit status
make[1]: *** [cmTryCompileExec3566026821] Error 1
make[1]: Leaving directory `/home/lifu/catkin_ws/src/cmake-build-debug/CMakeFiles/CMakeTmp'
make: *** [cmTryCompileExec3566026821/fast] Error 2

File /home/lifu/catkin_ws/src/cmake-build-debug/CMakeFiles/CMakeTmp/CheckSymbolExists.c:
/* */
#include <pthread.h>

int main(int argc, char** argv)
{
  (void)argv;
#ifndef pthread_create
  return ((int*)(&pthread_create))[argc];
#else
  (void)argc;
  return 0;
#endif
}

Determining if the function pthread_create exists in the pthreads failed with the following output:
Change Dir: /home/lifu/catkin_ws/src/cmake-build-debug/CMakeFiles/CMakeTmp

Run Build Command:/usr/bin/make "cmTryCompileExec2791111194/fast"
/usr/bin/make -f CMakeFiles/cmTryCompileExec2791111194.dir/build.make CMakeFiles/cmTryCompileExec2791111194.dir/build
make[1]: Entering directory `/home/lifu/catkin_ws/src/cmake-build-debug/CMakeFiles/CMakeTmp'
/usr/bin/cmake -E cmake_progress_report /home/lifu/catkin_ws/src/cmake-build-debug/CMakeFiles/CMakeTmp/CMakeFiles 1
Building C object CMakeFiles/cmTryCompileExec2791111194.dir/CheckFunctionExists.c.o
/usr/bin/cc   -DCHECK_FUNCTION_EXISTS=pthread_create   -o CMakeFiles/cmTryCompileExec2791111194.dir/CheckFunctionExists.c.o   -c /usr/share/cmake-2.8/Modules/CheckFunctionExists.c
Linking C executable cmTryCompileExec2791111194
/usr/bin/cmake -E cmake_link_script CMakeFiles/cmTryCompileExec2791111194.dir/link.txt --verbose=1
/usr/bin/cc   -DCHECK_FUNCTION_EXISTS=pthread_create    CMakeFiles/cmTryCompileExec2791111194.dir/CheckFunctionExists.c.o  -o cmTryCompileExec2791111194 -rdynamic -lpthreads 
/usr/bin/ld: cannot find -lpthreads
collect2: error: ld returned 1 exit status
make[1]: *** [cmTryCompileExec2791111194] Error 1
make[1]: Leaving directory `/home/lifu/catkin_ws/src/cmake-build-debug/CMakeFiles/CMakeTmp'
make: *** [cmTryCompileExec2791111194/fast] Error 2


